<?xml version="1.0" encoding="UTF-8"?>
<!-- Generated by org.testng.reporters.JUnitXMLReporter -->
<testsuite hostname="natalia-HP-Pavilion-dv6-Notebook-PC" name="Test" tests="4" failures="0" timestamp="30 Jan 2017 19:02:20 GMT" time="61.247" errors="0">
  <testcase name="verifyPageTitle" time="0.288" classname="functional.tests.HomePageTest"/>
  <testcase name="addOwnerTest" time="5.365" classname="functional.tests.AddOwnersTest"/>
  <testcase name="findOwnerTest" time="26.01" classname="functional.tests.FindOwnersTest"/>
  <testcase name="getButtonTitleTest" time="1.71" classname="functional.tests.FindOwnersTest"/>
</testsuite> <!-- Test -->
