<?xml version="1.0" encoding="UTF-8"?>
<testng-results skipped="0" failed="0" total="4" passed="4">
  <reporter-output>
  </reporter-output>
  <suite name="Master Suite" duration-ms="61247" started-at="2017-01-30T19:01:19Z" finished-at="2017-01-30T19:02:20Z">
    <groups>
    </groups>
    <test name="Test" duration-ms="61247" started-at="2017-01-30T19:01:19Z" finished-at="2017-01-30T19:02:20Z">
      <class name="functional.tests.FindOwnersTest">
        <test-method status="PASS" signature="setUpClass(java.lang.String, java.lang.String)[pri:0, instance:functional.tests.FindOwnersTest@3a03464]" name="setUpClass" is-config="true" duration-ms="7449" started-at="2017-01-30T20:01:45Z" finished-at="2017-01-30T20:01:52Z">
          <params>
            <param index="0">
              <value>
                <![CDATA[firefox]]>
              </value>
            </param>
            <param index="1">
              <value>
                <![CDATA[https://stagemonitor-demo.isys-software.de]]>
              </value>
            </param>
          </params>
          <reporter-output>
          </reporter-output>
        </test-method> <!-- setUpClass -->
        <test-method status="PASS" signature="findOwnerTest()[pri:0, instance:functional.tests.FindOwnersTest@3a03464]" name="findOwnerTest" duration-ms="26010" started-at="2017-01-30T20:01:52Z" finished-at="2017-01-30T20:02:18Z">
          <reporter-output>
          </reporter-output>
        </test-method> <!-- findOwnerTest -->
        <test-method status="PASS" signature="getButtonTitleTest()[pri:0, instance:functional.tests.FindOwnersTest@3a03464]" name="getButtonTitleTest" duration-ms="1710" started-at="2017-01-30T20:02:18Z" finished-at="2017-01-30T20:02:20Z">
          <reporter-output>
          </reporter-output>
        </test-method> <!-- getButtonTitleTest -->
        <test-method status="PASS" signature="tearDown()[pri:0, instance:functional.tests.FindOwnersTest@3a03464]" name="tearDown" is-config="true" duration-ms="16" started-at="2017-01-30T20:02:20Z" finished-at="2017-01-30T20:02:20Z">
          <reporter-output>
          </reporter-output>
        </test-method> <!-- tearDown -->
      </class> <!-- functional.tests.FindOwnersTest -->
      <class name="functional.tests.HomePageTest">
        <test-method status="PASS" signature="setUpClass(java.lang.String, java.lang.String)[pri:0, instance:functional.tests.HomePageTest@3f2a3a5]" name="setUpClass" is-config="true" duration-ms="10391" started-at="2017-01-30T20:01:19Z" finished-at="2017-01-30T20:01:29Z">
          <params>
            <param index="0">
              <value>
                <![CDATA[firefox]]>
              </value>
            </param>
            <param index="1">
              <value>
                <![CDATA[https://stagemonitor-demo.isys-software.de]]>
              </value>
            </param>
          </params>
          <reporter-output>
          </reporter-output>
        </test-method> <!-- setUpClass -->
        <test-method status="PASS" signature="verifyPageTitle()[pri:0, instance:functional.tests.HomePageTest@3f2a3a5]" name="verifyPageTitle" duration-ms="288" started-at="2017-01-30T20:01:29Z" finished-at="2017-01-30T20:01:30Z">
          <reporter-output>
          </reporter-output>
        </test-method> <!-- verifyPageTitle -->
        <test-method status="PASS" signature="tearDown()[pri:0, instance:functional.tests.HomePageTest@3f2a3a5]" name="tearDown" is-config="true" duration-ms="24" started-at="2017-01-30T20:01:30Z" finished-at="2017-01-30T20:01:30Z">
          <reporter-output>
          </reporter-output>
        </test-method> <!-- tearDown -->
      </class> <!-- functional.tests.HomePageTest -->
      <class name="functional.tests.AddOwnersTest">
        <test-method status="PASS" signature="setUpClass(java.lang.String, java.lang.String)[pri:0, instance:functional.tests.AddOwnersTest@4909b8da]" name="setUpClass" is-config="true" duration-ms="9914" started-at="2017-01-30T20:01:30Z" finished-at="2017-01-30T20:01:40Z">
          <params>
            <param index="0">
              <value>
                <![CDATA[firefox]]>
              </value>
            </param>
            <param index="1">
              <value>
                <![CDATA[https://stagemonitor-demo.isys-software.de]]>
              </value>
            </param>
          </params>
          <reporter-output>
          </reporter-output>
        </test-method> <!-- setUpClass -->
        <test-method status="PASS" signature="addOwnerTest()[pri:0, instance:functional.tests.AddOwnersTest@4909b8da]" name="addOwnerTest" duration-ms="5365" started-at="2017-01-30T20:01:40Z" finished-at="2017-01-30T20:01:45Z">
          <reporter-output>
          </reporter-output>
        </test-method> <!-- addOwnerTest -->
        <test-method status="PASS" signature="tearDown()[pri:0, instance:functional.tests.AddOwnersTest@4909b8da]" name="tearDown" is-config="true" duration-ms="23" started-at="2017-01-30T20:01:45Z" finished-at="2017-01-30T20:01:45Z">
          <reporter-output>
          </reporter-output>
        </test-method> <!-- tearDown -->
      </class> <!-- functional.tests.AddOwnersTest -->
    </test> <!-- Test -->
  </suite> <!-- Master Suite -->
</testng-results>
